[x] Opening connection to edu-ctf.zoolab.org on port 10102
[x] Opening connection to edu-ctf.zoolab.org on port 10102: Trying 60.248.184.73
[+] Opening connection to edu-ctf.zoolab.org on port 10102: Done
b'\x02'
b'\x05'
b'\x17'
b'\x17'
b'\xb9'
b'\x02\x9f'
b'\x05x'
b'\x16\x8e'
b'I\xd0'
b'\xe3\x96'
b'\x02\xb0\xe8'
b'\x08\x18\xde'
b'\x08\x18\xde'
b'8\xc0\x84'
b'\x81\xbb\xfd'
b'\x027\xa0\xd3'
b'\x04\xc8x\x14'
b'\x14-\x83\x9a'
b'+E\x14\xe3'
b'p\x8b\xc8\xbe'
b'\x01@_\xe4O'
b'\x03\xaf\xdc7\x02'
b'\x03\xaf\xdc7\x02'
b'/\x86\x9a\x07\x98'
b'qH\xb6\xc0y'
b'qH\xb6\xc0y'
b'qH\xb6\xc0y'
b'qH\xb6\xc0y'
b'qH\xb6\xc0y'
b'qH\xb6\xc0y'
b'qH\xb6\xc0y'
b'\x0226\x94\x16*\xa4'
b'\x0226\x94\x16*\xa4'
b"\x15\xf2&:p\xe6'"
b"\x15\xf2&:p\xe6'"
b"\x15\xf2&:p\xe6'"
b"\x15\xf2&:p\xe6'"
b"\x15\xf2&:p\xe6'"
b'\x12\xd5"\xa1"\x90\xe3\x80'
b'\x83PE\x82\x93P\xd3\x96'
b'\x83PE\x82\x93P\xd3\x96'
b'\x04w\xa4\x7fo\x8a\x10D\\'
b'\nf"\xd6R\xfc/m\x85'
b'-\xfd\x18\xdf\xa7\xa8\xead{'
b'\x98\xc1\xfa\xfb\xa5\xaf\x1bI]'
b'\x01\xd9\x10\xa1O\x9f\xc1\xad\xf8\x03'
b'\x01\xd9\x10\xa1O\x9f\xc1\xad\xf8\x03'
b'\r\x1b\xd4zCjh\xd6\x1b\xd9'
b'.\xe4 \x05\x1e\xca^N\x87['
b'\x94=\x02\xa5\xb0\xea>\xb7\xc9\xe1'
b'\x01,BV\x96\x8c\x1a\x0fU\xad\xaa'
b'\x01,BV\x96\x8c\x1a\x0fU\xad\xaa'
b'\x01,BV\x96\x8c\x1a\x0fU\xad\xaa'
b'\x114\xd20\xfd\xaa%\x0f\xfc\xb3\xdd'
b'AN\x81\xc03\x04F\x11\xf1\xc6v'
b'\xd1\x9b\x90m\xd3\x12\xa9\x17\xd0\xfeA'
b'\xd1\x9b\x90m\xd3\x12\xa9\x17\xd0\xfeA'
b'\xd1\x9b\x90m\xd3\x12\xa9\x17\xd0\xfeA'
b'\xd1\x9b\x90m\xd3\x12\xa9\x17\xd0\xfeA'
b'\xd1\x9b\x90m\xd3\x12\xa9\x17\xd0\xfeA'
b'\x01\x12\xc3\xe5n\x0b\xaeb\xa6=\x94\xe9\xa3'
b'\x04H\x9a\xc3\x06\xe5@R\x9d\xae\xe0\xab\xc9'
b'\r\xea\x1f[\xd1q\xf6"\x84\x02\xc3\xf2;'
b'*\xce\xad&1\x18\x17\x926\xfem\xc5\x91'
b'*\xce\xad&1\x18\x17\x926\xfem\xc5\x91'
b'\x01.\xd7\xa9C\x8d\xefD\x7f\x81\xd7f3\x97'
b'\x04:\xf2\x9d\x9b\xa4t\xcbGbbO}\xa9'
b'\r_Cz\xa3\xe8\x05_\x9f\x04\x03\x0b[\xdf'
b'\r_Cz\xa3\xe8\x05_\x9f\x04\x03\x0b[\xdf'
b'_\xa6\x1b?\xeeH\x1a\x96\xb3\xb2\xa9\xa6+\xc5'
b'_\xa6\x1b?\xeeH\x1a\x96\xb3\xb2\xa9\xa6+\xc5'
b'\x03D#\xb1/\x8b\xa8\xd9\x86m\xd6\x85\x17z\xdb'
b'\x03D#\xb1/\x8b\xa8\xd9\x86m\xd6\x85\x17z\xdb'
b'\x10HX\xd3\xe5\xcf\xdc4\xbd3w\xe0\x95^\xbe'
b'^a\x97\xa4+i\x10X\x05\xd5@\x05\x88\xb6\x10'
b'\xd3\x87u\xdc\x93\xce\xde\x8c\xf2\xc7\xec<\xf5\xb9\x0b'
b'\x03\x92j\xab/\x061\xb3\xca\x80w\xf5\x89\x83\xca\xed'
b'\x03\x92j\xab/\x061\xb3\xca\x80w\xf5\x89\x83\xca\xed'
b'\x1cHg\x8b\x15\x0b\xab2\xf4{\xa8I:\x82k\xdf'
b'AYb\xda\xee\x13\xe1q\xb3tp\xc6\xc4\x00]J'
b'\x01\x1f\xbfF\xba\x04E&\xea-I#\xb7\xfc\xf4\x05\xcc'
b'\x01\x1f\xbfF\xba\x04E&\xea-I#\xb7\xfc\xf4\x05\xcc'
b'\x01\x1f\xbfF\xba\x04E&\xea-I#\xb7\xfc\xf4\x05\xcc'
b'\x01\x1f\xbfF\xba\x04E&\xea-I#\xb7\xfc\xf4\x05\xcc'
b'$N\xdd\xd3\x85\x07\x10\xa4ysor\xe1\x7f\x80.]'
b"\x8d\xdc9y\xe6\x0fs\x1d'E\xe2`^\x07$\xa8\x10"
b'\x01\xca\x84Lm\t(\x9a\x870\xbd;(\xd3\x9e\x12\x15)'
b'\x05\x80|\x85Frt\x10\xc5M#E\x824b\xda\\t'
b'\x05\x80|\x85Frt\x10\xc5M#E\x824b\xda\\t'
b'HK\xf0\x84\x8f\xd9\xc2a#LO\xff\xcb\x028\xef_\xba'
b'HK\xf0\x84\x8f\xd9\xc2a#LO\xff\xcb\x028\xef_\xba'
b'\x02\xa1s\x04~${\x834qD\xe2\x8cZ>\xbf\xac}0'
b'\x02\xa1s\x04~${\x834qD\xe2\x8cZ>\xbf\xac}0'
b'\r2\xa2\xdeaASf\xebP#v\x04\xde\xcf\x1d\xff\x81\xc3'
b'\r2\xa2\xdeaASf\xebP#v\x04\xde\xcf\x1d\xff\x81\xc3'
b'\r2\xa2\xdeaASf\xebP#v\x04\xde\xcf\x1d\xff\x81\xc3'
b'\r2\xa2\xdeaASf\xebP#v\x04\xde\xcf\x1d\xff\x81\xc3'
b'\r2\xa2\xdeaASf\xebP#v\x04\xde\xcf\x1d\xff\x81\xc3'
b'\r2\xa2\xdeaASf\xebP#v\x04\xde\xcf\x1d\xff\x81\xc3'
b'\x1e$\xa3\xe6V\x1ed\x1a\xda\xab\xf7\xf5h6]\xeb\xb8g\x88^'
b'\x1e$\xa3\xe6V\x1ed\x1a\xda\xab\xf7\xf5h6]\xeb\xb8g\x88^'
b'\x1e$\xa3\xe6V\x1ed\x1a\xda\xab\xf7\xf5h6]\xeb\xb8g\x88^'
b'\x06w\x16\x88!\x98\x03\xba-EO^>~\xa7-\xf4JX\xed\x10'
b'\x19\x81\xec4\xd3]\xb3\xbcd\x859\x91\x19\xc1\xf9\x9e\x0e\x00-\x1b&'
b'R\xa2m:\xe8\xae\xc3\xc3\nD\xf8)\xab\x8b\xf0\xee[!\xa9\xa5h'
b'\xfe\x03\xf0M(\xa1\xf3\xd6\xfb\x843\xf3`\xe9\xd6\xdfB\x86\x1fD.'
b'\x03\x00(y\x83\xe8{\x84\x12\xcfA\xe7P\x81\x03\x88\xb1\xf8\xb3\x80 \x80'
b'\x03\x00(y\x83\xe8{\x84\x12\xcfA\xe7P\x81\x03\x88\xb1\xf8\xb3\x80 \x80'
b'\x0c\t\xcc\xe2\xfaG\xce\x8d \x08\x17\x8es\x91w(\xe6,\x7f\xb3\xff\xf1'
b'BC\xa7[\xc0\x83\xc0\xc3o]\x19yE\xf4,\xea\x1fcH\xeb<\x97'
b'BC\xa7[\xc0\x83\xc0\xc3o]\x19yE\xf4,\xea\x1fcH\xeb<\x97'
b'\x02*LU\x9a\xb8\x9fD\xac9Z*\xba\xabl\x90\xb5"P[\xdc^m'
b'\x05\x06YZ\xf9,\xc8\x8a\x89hU\xc4\x9c\xc3\xa1&e\xa6\xb3\xf8F\x11.'
b'\x16.\xa7{/\xe5\xc0-\xb8\x82;_\xe9T\xdc\xa8\x88\xc1\t\xa2\xc0A\xb4'
b'/\xeb\x1c\xab\x81\xfb3\xa2\x7f)\x13\xc8\xdc.\xb5\xeb\xbdh\x8a"w\x8a}'
b"\xcaU\xdb\xcdn{\xe8_'\x12&>\x8dI\xcd~\xf9U\x8d \xc3?3"
b"\xcaU\xdb\xcdn{\xe8_'\x12&>\x8dI\xcd~\xf9U\x8d \xc3?3"
b'\x068\x16\x93\xfe\xbf\x02C\x01\x0eC\xcca\xc7=\xa1\xac\x14\xaa\xa8\x11l\x99\x99'
b'\x16\x81X\xbc\x92\xb0\x95R\xe6\xc3\xd8\xbe\xcbu\x19\x1e3f\xa9\xf8\xe3h\xa8\xcb'
b'.\xef;\xf9p\x9a\xf1\xea\xbfT8*i\xf9\xe2X\xfea\xa8\xf2\x1eb\xbf\x96'
b'x8\xe5\xb0\nZ\x07\xb2I\x05VmE\x88>\t_R\xa5\xdd\xcfQ\x03\xf7'
b'\x01T\x15\xe2\xd3\xd7\x97I\x08\xe6\x18\xb15\xd83Q\x1a\x82%\x9c\xa0\xe2\x1b\xd1\x1a'
b'\x03\xe7\xac\xda??O\r\x0c\xbdR\xc1\x8f\x904\x8aM\xea\x9e\x80\xea\x1a|8\x83'
b'\x0b\xa2q\xc0\x81vvY\x18C\x00\xf2\x9c\xb885\xe8$\t-\xc5\xc3\x9dn\xbe'
b':\x03\x0f&\x0e\xc1b!]e\x16\x18\xeb\xa8N;\x85|\x89:\xeb\xbad\xb4 '
b'\x7f\x93\xfb>b\xb1\xc3\xcd\xc5\x185\xd2b\x10oC\xf1\x81IN\xa4\xac\x8f\x9c3'
b'\x7f\x93\xfb>b\xb1\xc3\xcd\xc5\x185\xd2b\x10oC\xf1\x81IN\xa4\xac\x8f\x9c3'
b'\x7f\x93\xfb>b\xb1\xc3\xcd\xc5\x185\xd2b\x10oC\xf1\x81IN\xa4\xac\x8f\x9c3'
b'\x7f\x93\xfb>b\xb1\xc3\xcd\xc5\x185\xd2b\x10oC\xf1\x81IN\xa4\xac\x8f\x9c3'
b'\x16\x82n\xae\xf0\xf1\xc0\xabZ\x94\xc5?\x80\xd9\x02\xe2\xee\x1f\x02\x0f\x8c)L#\n6'
b'\x9a\x93\x8e\xe5 L\x1a\x18\xa7r\xd3y\x97\xa2\xb1\x98\xeb0\x06\xb4\xfdE\t\x97\x9eH'
b"\x02&\xc6\xef\x87\xae[&`\x8e\x0c\xfe'\xdb\xff\xbd\xba\xe2c\x14\xa5P\x98A\xf5Z~"
b"\x02&\xc6\xef\x87\xae[&`\x8e\x0c\xfe'\xdb\xff\xbd\xba\xe2c\x14\xa5P\x98A\xf5Z~"
b'\t\x1d\xae"c-\x9e\xdd\xa4\x1b\xc2\xbe8\x0f\xa2tS\xba\xc8\xd3^\xc7\x8e\xbf\x9b)q'
b'\x1e\x02c\xba\xf5\xabj\x03n\xc4\xe3\xfeh\xaa\x8a\x98\x1eC\xfa\x0f\x8b,r8\x8c\x96J'
b'\x9b^\xa5Nd\x9e,\xe6.\xbb\xab\x7f\x8cK\xfbn\xdd{!x\x95\x89\xc7\x0e5#`'
b'\x9b^\xa5Nd\x9e,\xe6.\xbb\xab\x7f\x8cK\xfbn\xdd{!x\x95\x89\xc7\x0e5#`'
b'\x05\x03\x9c\xf3}K\'\x06\xde\xeeh\xaf\t\xcc\xf8\xf2\xfb\x96k\x84)\xf2\xd1\xc2\x91"\x19&'
b'\x12<W\xde\t\xfe\xc1\x94\xc9-o\xb9\xa8\x8e\xff\xd9\xa1\xc1<\xac>\n\xa9\xb5\x19\xe8\xfax'
b'\x12<W\xde\t\xfe\xc1\x94\xc9-o\xb9\xa8\x8e\xff\xd9\xa1\xc1<\xac>\n\xa9\xb5\x19\xe8\xfax'
b'M\xbb\xa0\xfd\x83&\xf9\x13gI\x0fir\xf8\x1e\xe7\x8d\x81\xe9\xe0\x98u\xf5x\x81g\xf0i'
b'M\xbb\xa0\xfd\x83&\xf9\x13gI\x0fir\xf8\x1e\xe7\x8d\x81\xe9\xe0\x98u\xf5x\x81g\xf0i'
b'\x02e53\x18\xc5\x90\xec\x86\xf6A\xac\x97\x90\xaa6d\xd7H\x00\xb7\xc6;\x9fW$\xde\x95\xe2'
b'\x0e\xf2\x0e\x9f\xbcT\x0c\xa1<P\x15[\xacB\xd6\xc3T\x91\xec\x89\xc2\xd8\xdd\x9a\x8e\xf9\xa6v\xb8'
b'\x0e\xf2\x0e\x9f\xbcT\x0c\xa1<P\x15[\xacB\xd6\xc3T\x91\xec\x89\xc2\xd8\xdd\x9a\x8e\xf9\xa6v\xb8'
b'\x7f\xe5\xb3q|Ve\xfb\x9cx\x86\x83f\x86g\xb7\xc2!\xb5[&\x80\x8fo\x85t\xad^>'
b'\x01\xd2\xc0\xa1\xe6\xbc]r\n\xbc\xf1\xd9\xfa\x95Q\x1a\x95\n\xd1\x0f\xcfQw\xa4\xeeh\xe5\xc2\x14\xd0'
b'\x05\xcbQmF|r\x968\x1e]\xd4`!\xb13,\xe4\xdf\x1f+\xd2\\\xe5k\x139\x008\x86'
b'\x0b\xc0*\x9eV\x1c\x92L|0\x7f\xcb\xf8tAX\x10\xab\xf466\x93\xb4\xc6&\x12\xb5\xddn\x17'
b'/}A\xc4\xb3\xddP\x92\x14\x9dK\x99\x8ac\xa25gVr\xc0w\x1b\xc4\n\x88\x0f\xa3\x0c\xaf}'
b'\x9a\xb4\x877\xcd\x1f\x8bb\xdd\xe3\xaf\x02@1\xc4\xcdkU\xee_8\xb3\xf1\xd7\xae\x06j\x9as\xaf'
b'\x9a\xb4\x877\xcd\x1f\x8bb\xdd\xe3\xaf\x02@1\xc4\xcdkU\xee_8\xb3\xf1\xd7\xae\x06j\x9as\xaf'
b'\x04_\xa5\xf8C\xb0s\x9c\xb9\xf1]-\xb0\xa4p\xfc%\x8fQF\xf4\x07\r\x8e\x0e\x03\xb3n\x96Yq'
b'\n\x07\x10!\xd5\x85q\xb6\xbc\x8e\x93k\xb6:\xcf\xcf)\xc5JK\xd3<\x93\xf8_\x846\xf4\x902\x14'
b"\x1a\xfdN\x9e\x8b\x04l\x04\xc4f6%\xc6\xfd\xecH6g5Zp\xdd'7T\x05\xc1\x86}\xbb\xfd"
b'M\xe0\n\x14\xab\x81Z\xee\xdb\xed\x1eS\xf9GA\xb3\\L\xf6\x86I\xbe\xe0\xf41\x8aa<FY\xb8'
b'M\xe0\n\x14\xab\x81Z\xee\xdb\xed\x1eS\xf9GA\xb3\\L\xf6\x86I\xbe\xe0\xf41\x8aa<FY\xb8'
b'\x02\x17\xd8\xa1;\xcf\xe5\xc1)\xaf\xabG\xf3\xbd\xdbBw\xb1`\xc1\x10\xe9\xaeh\x97\xfb3\xfe\xa0S\xe5K'
b'\x02\x17\xd8\xa1;\xcf\xe5\xc1)\xaf\xabG\xf3\xbd\xdbBw\xb1`\xc1\x10\xe9\xaeh\x97\xfb3\xfe\xa0S\xe5K'
b'\x02\x17\xd8\xa1;\xcf\xe5\xc1)\xaf\xabG\xf3\xbd\xdbBw\xb1`\xc1\x10\xe9\xaeh\x97\xfb3\xfe\xa0S\xe5K'
b'\x02\x17\xd8\xa1;\xcf\xe5\xc1)\xaf\xabG\xf3\xbd\xdbBw\xb1`\xc1\x10\xe9\xaeh\x97\xfb3\xfe\xa0S\xe5K'
b'\x02\x17\xd8\xa1;\xcf\xe5\xc1)\xaf\xabG\xf3\xbd\xdbBw\xb1`\xc1\x10\xe9\xaeh\x97\xfb3\xfe\xa0S\xe5K'
b'\x03g\x85\xc7\x95\x8a\xe6\x7f\xd4\xd7\xaa\xaeMB\xee\xd4\xb714\xf3D<\x8ai\xe9\x88\xd34\xca\x92\n\xde]'
b'\x03g\x85\xc7\x95\x8a\xe6\x7f\xd4\xd7\xaa\xaeMB\xee\xd4\xb714\xf3D<\x8ai\xe9\x88\xd34\xca\x92\n\xde]'
b'!\xf8c.,R\xb1\xea\x85\xf5}\xc9}\x0b\xa7\x99\xd1\xb6\xd5\x19\xe0\xc51\x01r\x00k;\xf6\x11y\x9f\xff'
b'}\xaa\xfba\xf0\xaa\x14*\x99N\xf7\x1b\x0ce\xd1\xe9!G\xb5\x8d\xb6_$\xc8\x0bg3Qx\x8f\xc5\xe4\xe5'
b"\x01\x076\xdf\xaf\x97-'\x8a\xb6U-\x15cm\x11`\x18\xa1\x06;v\xc6\x12q\xf1\x81_q\xbcM8L>"
b'\x02\xa3\xda\x8c\x98\x8a\xb6a\xab\rg\xcf\x04h\x82\xcf\xc4\xfe\xac\xf8D\xb7\xfa\xdbo\xa3\xcf\xe3\xd2\x87\x85\x8f\x82I'
b'\x07y\xc5\x93SeR\x10\x0c\x12\x9f\xb4\xd1w\xc4\n\xf3\xb0\xd0\xce`{\x996h\xba\xbbp\xf4\xe9.\x95$j'
b'\x15\xfb\x86\xa7\x83\xf5%\x1b/"Gf8\xa5\x87\xbc\x7f\xc7<P\xb3\xc6tGS\xff~\x18\\\x0e)\xa6\n\xcd'
b'A\x80\xc9\xe4\x15\xa4\x9e<\x98Q>zn.\xd2\xd1$\n~\xd7\xad\xa7\x05z\x15\xcd\xc6\x0e\x91}\x1a\xd8\xbd\xf6'
b'\x01F\xa0]O\x7f\xc1u\x05\x0fk\x08\xf3\xaff\x95L\xfd\x9e\x0e\x01\x88\xeal\xaa\xa0\xa3u\xd3\xd2\x16\xc2\x08\xf0\xec'
b'\x02\xceO\xbap\x9e\xec\xb71\xc2\x11\xb8\xa9\x91:9\x06\xc3\xfbd\xc0Q\xcf\x87sp\xe3\xfd{\xb2\xfd<\xd1=]'
b'\x02\xceO\xbap\x9e\xec\xb71\xc2\x11\xb8\xa9\x91:9\x06\xc3\xfbd\xc0Q\xcf\x87sp\xe3\xfd{\xb2\xfd<\xd1=]'
b'\x10\x93z\x00\x9a\xb7r\n\xc4\t\xed\xe6\x0e\x81\xaa\xfa\x8e\xbdCqua\xddx\x82\xc3(\xc2b\x9b\x17\x8d\xdb\xedV'
b'9\xe2\xf8\xd3\x19\x01\x02\x05z\xe1\x82n=R\xfd?&\xa9\x1b\x97\x94\x92\x07K\xb0\xb9\xf7\x11\x17Sf\x80\xfb\xfdA'
b'9\xe2\xf8\xd3\x19\x01\x02\x05z\xe1\x82n=R\xfd?&\xa9\x1b\x97\x94\x92\x07K\xb0\xb9\xf7\x11\x17Sf\x80\xfb\xfdA'
b'\x01\xad\xaen9\x89\x97\x11\xd5\xe8u\xbb7\xe2\xae\xe1\xa8}\xf3\xb4\xee\xadC\x7f\xb8Ng7\xd5q\xce-\r\x1c\x8c\x84'
b'\x01\xad\xaen9\x89\x97\x11\xd5\xe8u\xbb7\xe2\xae\xe1\xa8}\xf3\xb4\xee\xadC\x7f\xb8Ng7\xd5q\xce-\r\x1c\x8c\x84'
b'\x1b\xd1\xfc\xafmt$.}\x9c\xe1\xb9e\x83$\xf1\x10\xa12}\x0ei\xbd\xf7[d\x95\xc5\xa3\xcep"\xe7f\x9f:'
b'j>\xe7s\t3\xcb\x84t\xba%\xb3\xeed\x87\x1fI\n\xee\xd5m\x9f-^D\xa7!o\x0e\xe4V\x04vD\xd7\\'
b'\xdf\xe2G\x98r\xd3F\x85gf\x0b\xab\xbb\xb6\x9ad\x9d\xa9\x89Y\xfcoTx\xa2\x8a\xf2\xed/\x85.\xd6\xcc\x92+\x8f'
b'\xdf\xe2G\x98r\xd3F\x85gf\x0b\xab\xbb\xb6\x9ad\x9d\xa9\x89Y\xfcoTx\xa2\x8a\xf2\xed/\x85.\xd6\xcc\x92+\x8f'
b'\x05\x02\xa0\xa8\xe9)n\x99\x8d\xefq!a\xf3\x99G\xd4\x97<\xf8\x03\x01\xc0\xb4e\xef\x8dP\\U,\xce;\xd5J!Z'
b'\x1d\xd3\x16\xf0\xcdq\x12\x8b\xc1\x1f\xb3\xa3\xa7B\xe9Xtp\xb1\x8f\xf9!\xa8\xf3\xf5\xbd\x9b\x80\xf77\x1a\x8a\x9a\t\x99\xe4\x1c'
b"C\x0b\xc8\\\xa3\xdc\x88w\r\xe8\x17g\x0f9\xe1qd6\xe0s\xeaQ\x85SMr\xb0\xc9\xdf\x89\xff%'X\x11\x88?"
b'\x01"_\xf0\xe3\xaaaK\xfa\xda\x9am\xfb\x7f\x03\xb2\x07\x02\xdb\xf9\xcb\x91p\xaf\x8f[\xb10\x7fQ{Z\xc4w.\xdfa\x11'
b'\x01"_\xf0\xe3\xaaaK\xfa\xda\x9am\xfb\x7f\x03\xb2\x07\x02\xdb\xf9\xcb\x91p\xaf\x8f[\xb10\x7fQ{Z\xc4w.\xdfa\x11'
b'\x08\xfcU]\xa2\xe5\x0c+\x9d\x0c\xdfy3m\x1c\x07I\x96\xa9\xdd\xe0q\x89+\xab\xdb\xe3\xad\xe0R\xf7\x93^E\xbc\x1c\x00s'
b'\x14\xc3E\x80\xc1\xbd\x0c{\x10XG\n\x07R@\x87-t^\xb3\xff\xc1\xad\xe5\xd6\x9c/i\xf1\xd51\xe8D\xfb\x8f\xf6\xef\x86'
b'[l\xe6Sz\xcd\x0eW\xc4\x1c\xb4n\xfe\xb1\x1b\x86\x84\xa6\x9b\xb8\xbb\xa2\x8aB\xd7\x1d\xf5\xd2Z\xe2\x8f\xe5\xad>\x87\x18\x89\xf8'
b'[l\xe6Sz\xcd\x0eW\xc4\x1c\xb4n\xfe\xb1\x1b\x86\x84\xa6\x9b\xb8\xbb\xa2\x8aB\xd7\x1d\xf5\xd2Z\xe2\x8f\xe5\xad>\x87\x18\x89\xf8'
b'[l\xe6Sz\xcd\x0eW\xc4\x1c\xb4n\xfe\xb1\x1b\x86\x84\xa6\x9b\xb8\xbb\xa2\x8aB\xd7\x1d\xf5\xd2Z\xe2\x8f\xe5\xad>\x87\x18\x89\xf8'
b'\x07\xcfP\xdc\x8c\xff}@\x9e\xb9\xd4>\x15\x15\xb24t\xb6\xf3\x0b8\x8cY\xc8\x11\xe4\xcd\xe2\xd5oKy\x9f\xacN\x97\xa3\xd3\xfe'
b'\x07\xcfP\xdc\x8c\xff}@\x9e\xb9\xd4>\x15\x15\xb24t\xb6\xf3\x0b8\x8cY\xc8\x11\xe4\xcd\xe2\xd5oKy\x9f\xacN\x97\xa3\xd3\xfe'
b')X\xd2\xb0\x8f\xd4\x96"\xde\x0b\x8e)\x80}7$\xa4\x99K\x00\xf7\xb7\x92^5\xa2e\x8dcK#\x95d\xa8\x16\xe2\x16\xa1\x19'
b')X\xd2\xb0\x8f\xd4\x96"\xde\x0b\x8e)\x80}7$\xa4\x99K\x00\xf7\xb7\x92^5\xa2e\x8dcK#\x95d\xa8\x16\xe2\x16\xa1\x19'
b'\x01W.c$\xa9Rv\x17\x17\xeb\x17pG \xe3\x96S\x8eb\xa4\xb0<\x8f\xa5wL\xba\x8c`\x05\xbc\x8fQ\x82!\x80\x1f\xd7\x0c'
b'\x01W.c$\xa9Rv\x17\x17\xeb\x17pG \xe3\x96S\x8eb\xa4\xb0<\x8f\xa5wL\xba\x8c`\x05\xbc\x8fQ\x82!\x80\x1f\xd7\x0c'
b'\x16\x902\x8bNt,5C)\xa2\xbej>\xa3\x03\x94\xa0\xca\x0c\'\xa9\x96^\xa8\x15F\xb4z%$~!\xf8\xd6\xe0\x9c\xc5\xa2"'
b'\x16\x902\x8bNt,5C)\xa2\xbej>\xa3\x03\x94\xa0\xca\x0c\'\xa9\x96^\xa8\x15F\xb4z%$~!\xf8\xd6\xe0\x9c\xc5\xa2"'
[*] Closed connection to edu-ctf.zoolab.org port 10102
